2009/08/24 18:00:38 [error] [exception.CHttpException.404] exception 'CHttpException' with message 'Unable to resolve the request "admin/site/login".' in C:\xampp\htdocs\yii\framework\web\CWebApplication.php:336
Stack trace:
#0 C:\xampp\htdocs\yii\framework\web\CWebApplication.php(120): CWebApplication->runController('admin/site/logi...')
#1 C:\xampp\htdocs\yii\framework\base\CApplication.php(133): CWebApplication->processRequest()
#2 C:\xampp\htdocs\reiartur\index.php(10): CApplication->run()
#3 {main} REQUEST_URI=/reiartur/index.php/admin/site/login.html
2009/08/25 13:14:35 [error] [php] array_shift() expects parameter 1 to be array, null given (C:\xampp\htdocs\reiartur\protected\modules\admin\controllers\SiteController.php:11) REQUEST_URI=/reiartur/index.php/admin/site/login.html
2009/08/25 13:22:08 [error] [php] array_shift() expects parameter 1 to be array, null given (C:\xampp\htdocs\reiartur\protected\modules\admin\controllers\SiteController.php:11)
Stack trace:
#0 C:\xampp\htdocs\yii\framework\web\CController.php(300): CInlineAction->run()
#1 C:\xampp\htdocs\yii\framework\web\CController.php(278): SiteController->runAction()
#2 C:\xampp\htdocs\yii\framework\web\CController.php(257): SiteController->runActionWithFilters()
#3 C:\xampp\htdocs\yii\framework\web\CWebApplication.php(332): SiteController->run()
#4 C:\xampp\htdocs\yii\framework\web\CWebApplication.php(120): CWebApplication->runController()
#5 C:\xampp\htdocs\yii\framework\base\CApplication.php(134): CWebApplication->processRequest()
#6 C:\xampp\htdocs\reiartur\index.php(10): CWebApplication->run()
REQUEST_URI=/reiartur/index.php/admin/site/login.html
2009/08/25 13:22:16 [error] [php] array_shift() expects parameter 1 to be array, null given (C:\xampp\htdocs\reiartur\protected\modules\admin\controllers\SiteController.php:12)
Stack trace:
#0 C:\xampp\htdocs\yii\framework\web\CController.php(300): CInlineAction->run()
#1 C:\xampp\htdocs\yii\framework\web\CController.php(278): SiteController->runAction()
#2 C:\xampp\htdocs\yii\framework\web\CController.php(257): SiteController->runActionWithFilters()
#3 C:\xampp\htdocs\yii\framework\web\CWebApplication.php(332): SiteController->run()
#4 C:\xampp\htdocs\yii\framework\web\CWebApplication.php(120): CWebApplication->runController()
#5 C:\xampp\htdocs\yii\framework\base\CApplication.php(134): CWebApplication->processRequest()
#6 C:\xampp\htdocs\reiartur\index.php(10): CWebApplication->run()
REQUEST_URI=/reiartur/index.php/admin/site/login.html
2009/08/25 13:33:42 [error] [php] array_shift() expects parameter 1 to be array, null given (C:\xampp\htdocs\reiartur\protected\modules\admin\controllers\SiteController.php:11)
Stack trace:
#0 C:\xampp\htdocs\yii\framework\web\CController.php(300): CInlineAction->run()
#1 C:\xampp\htdocs\yii\framework\web\CController.php(278): SiteController->runAction()
#2 C:\xampp\htdocs\yii\framework\web\CController.php(257): SiteController->runActionWithFilters()
#3 C:\xampp\htdocs\yii\framework\web\CWebApplication.php(332): SiteController->run()
#4 C:\xampp\htdocs\yii\framework\web\CWebApplication.php(120): CWebApplication->runController()
#5 C:\xampp\htdocs\yii\framework\base\CApplication.php(134): CWebApplication->processRequest()
#6 C:\xampp\htdocs\reiartur\index.php(10): CWebApplication->run()
REQUEST_URI=/reiartur/index.php/admin/site/login.html
2009/08/25 13:37:42 [error] [php] Missing argument 1 for CHttpRequest::getPost(), called in C:\xampp\htdocs\reiartur\protected\modules\admin\controllers\SiteController.php on line 8 and defined (C:\xampp\htdocs\yii\framework\web\CHttpRequest.php:156)
Stack trace:
#0 C:\xampp\htdocs\yii\framework\web\CController.php(300): CInlineAction->run()
#1 C:\xampp\htdocs\yii\framework\web\CController.php(278): SiteController->runAction()
#2 C:\xampp\htdocs\yii\framework\web\CController.php(257): SiteController->runActionWithFilters()
#3 C:\xampp\htdocs\yii\framework\web\CWebApplication.php(332): SiteController->run()
#4 C:\xampp\htdocs\yii\framework\web\CWebApplication.php(120): CWebApplication->runController()
#5 C:\xampp\htdocs\yii\framework\base\CApplication.php(134): CWebApplication->processRequest()
#6 C:\xampp\htdocs\reiartur\index.php(10): CWebApplication->run()
REQUEST_URI=/reiartur/index.php/admin/site/login.html
2009/08/25 14:08:26 [error] [exception.CHttpException.404] exception 'CHttpException' with message 'Unable to resolve the request "themes/admin/css/form.css".' in C:\xampp\htdocs\yii\framework\web\CWebApplication.php:336
Stack trace:
#0 C:\xampp\htdocs\yii\framework\web\CWebApplication.php(120): CWebApplication->runController('themes/admin/cs...')
#1 C:\xampp\htdocs\yii\framework\base\CApplication.php(134): CWebApplication->processRequest()
#2 C:\xampp\htdocs\reiartur\index.php(10): CApplication->run()
#3 {main} REQUEST_URI=/reiartur/themes/admin/css/form.css
2009/08/25 14:08:26 [error] [exception.CHttpException.404] exception 'CHttpException' with message 'Unable to resolve the request "themes/admin/css/main.css".' in C:\xampp\htdocs\yii\framework\web\CWebApplication.php:336
Stack trace:
#0 C:\xampp\htdocs\yii\framework\web\CWebApplication.php(120): CWebApplication->runController('themes/admin/cs...')
#1 C:\xampp\htdocs\yii\framework\base\CApplication.php(134): CWebApplication->processRequest()
#2 C:\xampp\htdocs\reiartur\index.php(10): CApplication->run()
#3 {main} REQUEST_URI=/reiartur/themes/admin/css/main.css
2009/08/25 14:09:37 [error] [exception.CHttpException.404] exception 'CHttpException' with message 'Unable to resolve the request "themes/admin/css/bg.gif".' in C:\xampp\htdocs\yii\framework\web\CWebApplication.php:336
Stack trace:
#0 C:\xampp\htdocs\yii\framework\web\CWebApplication.php(120): CWebApplication->runController('themes/admin/cs...')
#1 C:\xampp\htdocs\yii\framework\base\CApplication.php(134): CWebApplication->processRequest()
#2 C:\xampp\htdocs\reiartur\index.php(10): CApplication->run()
#3 {main} REQUEST_URI=/reiartur/themes/admin/css/bg.gif
2009/08/25 14:34:47 [error] [system.db.CDbCommand] Error in executing SQL: INSERT INTO `CategoriaProduto` (`nomeCategoria`, `visivelCategoria`) VALUES (:yp0, :yp1)
2009/08/25 14:34:47 [error] [exception.CDbException] exception 'CDbException' with message 'CDbCommand falhou ao executar o comando SQL: SQLSTATE[23000]: Integrity constraint violation: 1062 Duplicate entry '' for key 'PRIMARY'' in C:\xampp\htdocs\yii\framework\db\CDbCommand.php:215
Stack trace:
#0 C:\xampp\htdocs\yii\framework\db\ar\CActiveRecord.php(1240): CDbCommand->execute()
#1 C:\xampp\htdocs\yii\framework\db\ar\CActiveRecord.php(1037): CActiveRecord->insert(NULL)
#2 C:\xampp\htdocs\reiartur\protected\modules\admin\controllers\CategoriaProdutoController.php(65): CActiveRecord->save()
#3 C:\xampp\htdocs\yii\framework\web\actions\CInlineAction.php(32): CategoriaProdutoController->actionCreate()
#4 C:\xampp\htdocs\yii\framework\web\CController.php(300): CInlineAction->run()
#5 C:\xampp\htdocs\yii\framework\web\filters\CFilterChain.php(129): CController->runAction(Object(CInlineAction))
#6 C:\xampp\htdocs\yii\framework\web\filters\CFilter.php(41): CFilterChain->run()
#7 C:\xampp\htdocs\yii\framework\web\CController.php(952): CFilter->filter(Object(CFilterChain))
#8 C:\xampp\htdocs\yii\framework\web\filters\CInlineFilter.php(59): CController->filterAccessControl(Object(CFilterChain))
#9 C:\xampp\htdocs\yii\framework\web\filters\CFilterChain.php(126): CInlineFilter->filter(Object(CFilterChain))
#10 C:\xampp\htdocs\yii\framework\web\CController.php(283): CFilterChain->run()
#11 C:\xampp\htdocs\yii\framework\web\CController.php(257): CController->runActionWithFilters(Object(CInlineAction), Array)
#12 C:\xampp\htdocs\yii\framework\web\CWebApplication.php(332): CController->run('create')
#13 C:\xampp\htdocs\yii\framework\web\CWebApplication.php(120): CWebApplication->runController('admin/categoria...')
#14 C:\xampp\htdocs\yii\framework\base\CApplication.php(134): CWebApplication->processRequest()
#15 C:\xampp\htdocs\reiartur\index.php(10): CApplication->run()
#16 {main} REQUEST_URI=/reiartur/index.php/admin/categoriaproduto/create.html
2009/08/25 14:37:52 [error] [system.db.CDbCommand] Error in executing SQL: INSERT INTO `CategoriaProduto` (`nomeCategoria`, `visivelCategoria`) VALUES (:yp0, :yp1)
2009/08/25 14:37:52 [error] [exception.CDbException] exception 'CDbException' with message 'CDbCommand falhou ao executar o comando SQL: SQLSTATE[23000]: Integrity constraint violation: 1062 Duplicate entry '' for key 'PRIMARY'' in C:\xampp\htdocs\yii\framework\db\CDbCommand.php:215
Stack trace:
#0 C:\xampp\htdocs\yii\framework\db\ar\CActiveRecord.php(1240): CDbCommand->execute()
#1 C:\xampp\htdocs\yii\framework\db\ar\CActiveRecord.php(1037): CActiveRecord->insert(NULL)
#2 C:\xampp\htdocs\reiartur\protected\modules\admin\controllers\CategoriaProdutoController.php(65): CActiveRecord->save()
#3 C:\xampp\htdocs\yii\framework\web\actions\CInlineAction.php(32): CategoriaProdutoController->actionCreate()
#4 C:\xampp\htdocs\yii\framework\web\CController.php(300): CInlineAction->run()
#5 C:\xampp\htdocs\yii\framework\web\filters\CFilterChain.php(129): CController->runAction(Object(CInlineAction))
#6 C:\xampp\htdocs\yii\framework\web\filters\CFilter.php(41): CFilterChain->run()
#7 C:\xampp\htdocs\yii\framework\web\CController.php(952): CFilter->filter(Object(CFilterChain))
#8 C:\xampp\htdocs\yii\framework\web\filters\CInlineFilter.php(59): CController->filterAccessControl(Object(CFilterChain))
#9 C:\xampp\htdocs\yii\framework\web\filters\CFilterChain.php(126): CInlineFilter->filter(Object(CFilterChain))
#10 C:\xampp\htdocs\yii\framework\web\CController.php(283): CFilterChain->run()
#11 C:\xampp\htdocs\yii\framework\web\CController.php(257): CController->runActionWithFilters(Object(CInlineAction), Array)
#12 C:\xampp\htdocs\yii\framework\web\CWebApplication.php(332): CController->run('create')
#13 C:\xampp\htdocs\yii\framework\web\CWebApplication.php(120): CWebApplication->runController('admin/categoria...')
#14 C:\xampp\htdocs\yii\framework\base\CApplication.php(134): CWebApplication->processRequest()
#15 C:\xampp\htdocs\reiartur\index.php(10): CApplication->run()
#16 {main} REQUEST_URI=/reiartur/index.php/admin/categoriaproduto/create.html
2009/08/25 14:39:36 [error] [exception.CException] exception 'CException' with message 'CategoriaProdutoController não pôde encontrar a visão "show" solicitada.' in C:\xampp\htdocs\yii\framework\web\CController.php:710
Stack trace:
#0 C:\xampp\htdocs\yii\framework\web\CController.php(640): CController->renderPartial('show', Array, true)
#1 C:\xampp\htdocs\reiartur\protected\modules\admin\controllers\CategoriaProdutoController.php(54): CController->render('show', Array)
#2 C:\xampp\htdocs\yii\framework\web\actions\CInlineAction.php(32): CategoriaProdutoController->actionShow()
#3 C:\xampp\htdocs\yii\framework\web\CController.php(300): CInlineAction->run()
#4 C:\xampp\htdocs\yii\framework\web\filters\CFilterChain.php(129): CController->runAction(Object(CInlineAction))
#5 C:\xampp\htdocs\yii\framework\web\filters\CFilter.php(41): CFilterChain->run()
#6 C:\xampp\htdocs\yii\framework\web\CController.php(952): CFilter->filter(Object(CFilterChain))
#7 C:\xampp\htdocs\yii\framework\web\filters\CInlineFilter.php(59): CController->filterAccessControl(Object(CFilterChain))
#8 C:\xampp\htdocs\yii\framework\web\filters\CFilterChain.php(126): CInlineFilter->filter(Object(CFilterChain))
#9 C:\xampp\htdocs\yii\framework\web\CController.php(283): CFilterChain->run()
#10 C:\xampp\htdocs\yii\framework\web\CController.php(257): CController->runActionWithFilters(Object(CInlineAction), Array)
#11 C:\xampp\htdocs\yii\framework\web\CWebApplication.php(332): CController->run('show')
#12 C:\xampp\htdocs\yii\framework\web\CWebApplication.php(120): CWebApplication->runController('admin/categoria...')
#13 C:\xampp\htdocs\yii\framework\base\CApplication.php(134): CWebApplication->processRequest()
#14 C:\xampp\htdocs\reiartur\index.php(10): CApplication->run()
#15 {main} REQUEST_URI=/reiartur/index.php/admin/categoriaproduto/show/id/2.html
2009/08/25 15:28:13 [error] [exception.CHttpException.403] exception 'CHttpException' with message 'Você não está autorizado a realizar essa operação.' in C:\xampp\htdocs\yii\framework\web\auth\CAccessControlFilter.php:123
Stack trace:
#0 C:\xampp\htdocs\yii\framework\web\auth\CAccessControlFilter.php(104): CAccessControlFilter->accessDenied(Object(CWebUser))
#1 C:\xampp\htdocs\yii\framework\web\filters\CFilter.php(39): CAccessControlFilter->preFilter(Object(CFilterChain))
#2 C:\xampp\htdocs\yii\framework\web\CController.php(952): CFilter->filter(Object(CFilterChain))
#3 C:\xampp\htdocs\yii\framework\web\filters\CInlineFilter.php(59): CController->filterAccessControl(Object(CFilterChain))
#4 C:\xampp\htdocs\yii\framework\web\filters\CFilterChain.php(126): CInlineFilter->filter(Object(CFilterChain))
#5 C:\xampp\htdocs\yii\framework\web\CController.php(283): CFilterChain->run()
#6 C:\xampp\htdocs\yii\framework\web\CController.php(257): CController->runActionWithFilters(Object(CInlineAction), Array)
#7 C:\xampp\htdocs\yii\framework\web\CWebApplication.php(332): CController->run('fotos')
#8 C:\xampp\htdocs\yii\framework\web\CWebApplication.php(120): CWebApplication->runController('admin/produto/f...')
#9 C:\xampp\htdocs\yii\framework\base\CApplication.php(134): CWebApplication->processRequest()
#10 C:\xampp\htdocs\reiartur\index.php(10): CApplication->run()
#11 {main} REQUEST_URI=/reiartur/index.php/admin/produto/fotos/id/2.html
2009/08/25 15:34:31 [error] [php] Invalid argument supplied for foreach() (C:\xampp\htdocs\yii\framework\web\helpers\CHtml.php:1621)
Stack trace:
#0 C:\xampp\htdocs\yii\framework\web\CBaseController.php(119): require()
#1 C:\xampp\htdocs\yii\framework\web\CBaseController.php(88): ProdutoController->renderInternal()
#2 C:\xampp\htdocs\yii\framework\web\CController.php(701): ProdutoController->renderFile()
#3 C:\xampp\htdocs\yii\framework\web\CController.php(640): ProdutoController->renderPartial()
#4 C:\xampp\htdocs\reiartur\protected\modules\admin\controllers\ProdutoController.php(28): ProdutoController->render()
#5 C:\xampp\htdocs\yii\framework\web\actions\CInlineAction.php(32): ProdutoController->actionFotos()
#6 C:\xampp\htdocs\yii\framework\web\CController.php(300): CInlineAction->run()
#7 C:\xampp\htdocs\yii\framework\web\CController.php(278): ProdutoController->runAction()
#8 C:\xampp\htdocs\yii\framework\web\CController.php(257): ProdutoController->runActionWithFilters()
#9 C:\xampp\htdocs\yii\framework\web\CWebApplication.php(332): ProdutoController->run()
#10 C:\xampp\htdocs\yii\framework\web\CWebApplication.php(120): CWebApplication->runController()
#11 C:\xampp\htdocs\yii\framework\base\CApplication.php(134): CWebApplication->processRequest()
#12 C:\xampp\htdocs\reiartur\index.php(10): CWebApplication->run()
REQUEST_URI=/reiartur/index.php/admin/produto/fotos/id/2.html
2009/08/25 15:36:27 [error] [exception.CException] exception 'CException' with message 'A propriedade "Produto.idAlbum" não está definida.' in C:\xampp\htdocs\yii\framework\base\CComponent.php:120
Stack trace:
#0 C:\xampp\htdocs\yii\framework\db\ar\CActiveRecord.php(431): CComponent->__get('idAlbum')
#1 C:\xampp\htdocs\reiartur\protected\modules\admin\views\produto\fotos.php(12): CActiveRecord->__get('idAlbum')
#2 C:\xampp\htdocs\yii\framework\web\CBaseController.php(119): require('C:\xampp\htdocs...')
#3 C:\xampp\htdocs\yii\framework\web\CBaseController.php(88): CBaseController->renderInternal('C:\xampp\htdocs...', Array, true)
#4 C:\xampp\htdocs\yii\framework\web\CController.php(701): CBaseController->renderFile('C:\xampp\htdocs...', Array, true)
#5 C:\xampp\htdocs\yii\framework\web\CController.php(640): CController->renderPartial('fotos', Array, true)
#6 C:\xampp\htdocs\reiartur\protected\modules\admin\controllers\ProdutoController.php(28): CController->render('fotos', Array)
#7 C:\xampp\htdocs\yii\framework\web\actions\CInlineAction.php(32): ProdutoController->actionFotos()
#8 C:\xampp\htdocs\yii\framework\web\CController.php(300): CInlineAction->run()
#9 C:\xampp\htdocs\yii\framework\web\CController.php(278): CController->runAction(Object(CInlineAction))
#10 C:\xampp\htdocs\yii\framework\web\CController.php(257): CController->runActionWithFilters(Object(CInlineAction), Array)
#11 C:\xampp\htdocs\yii\framework\web\CWebApplication.php(332): CController->run('fotos')
#12 C:\xampp\htdocs\yii\framework\web\CWebApplication.php(120): CWebApplication->runController('admin/produto/f...')
#13 C:\xampp\htdocs\yii\framework\base\CApplication.php(134): CWebApplication->processRequest()
#14 C:\xampp\htdocs\reiartur\index.php(10): CApplication->run()
#15 {main} REQUEST_URI=/reiartur/index.php/admin/produto/fotos/id/2.html
2009/08/25 15:42:15 [error] [exception.CHttpException.404] exception 'CHttpException' with message 'Unable to resolve the request "admin/ajax/novaFoto/produto/2".' in C:\xampp\htdocs\yii\framework\web\CWebApplication.php:336
Stack trace:
#0 C:\xampp\htdocs\yii\framework\web\CWebApplication.php(120): CWebApplication->runController('admin/ajax/nova...')
#1 C:\xampp\htdocs\yii\framework\base\CApplication.php(134): CWebApplication->processRequest()
#2 C:\xampp\htdocs\reiartur\index.php(10): CApplication->run()
#3 {main} REQUEST_URI=/reiartur/index.php/admin/ajax/novaFoto/produto/2.html
2009/08/25 15:48:32 [error] [exception.CHttpException.404] exception 'CHttpException' with message 'Unable to resolve the request "admin/ajax/novaFoto/produto/2".' in C:\xampp\htdocs\yii\framework\web\CWebApplication.php:336
Stack trace:
#0 C:\xampp\htdocs\yii\framework\web\CWebApplication.php(120): CWebApplication->runController('admin/ajax/nova...')
#1 C:\xampp\htdocs\yii\framework\base\CApplication.php(134): CWebApplication->processRequest()
#2 C:\xampp\htdocs\reiartur\index.php(10): CApplication->run()
#3 {main} REQUEST_URI=/reiartur/index.php/admin/ajax/novaFoto/produto/2.html
2009/08/25 15:48:32 [error] [exception.CHttpException.404] exception 'CHttpException' with message 'Unable to resolve the request "admin/ajax/novaFoto/produto/2".' in C:\xampp\htdocs\yii\framework\web\CWebApplication.php:336
Stack trace:
#0 C:\xampp\htdocs\yii\framework\web\CWebApplication.php(120): CWebApplication->runController('admin/ajax/nova...')
#1 C:\xampp\htdocs\yii\framework\base\CApplication.php(134): CWebApplication->processRequest()
#2 C:\xampp\htdocs\reiartur\index.php(10): CApplication->run()
#3 {main} REQUEST_URI=/reiartur/index.php/admin/ajax/novaFoto/produto/2.html
2009/08/25 15:48:32 [error] [exception.CHttpException.404] exception 'CHttpException' with message 'Unable to resolve the request "admin/ajax/novaFoto/produto/2".' in C:\xampp\htdocs\yii\framework\web\CWebApplication.php:336
Stack trace:
#0 C:\xampp\htdocs\yii\framework\web\CWebApplication.php(120): CWebApplication->runController('admin/ajax/nova...')
#1 C:\xampp\htdocs\yii\framework\base\CApplication.php(134): CWebApplication->processRequest()
#2 C:\xampp\htdocs\reiartur\index.php(10): CApplication->run()
#3 {main} REQUEST_URI=/reiartur/index.php/admin/ajax/novaFoto/produto/2.html
2009/08/25 15:48:32 [error] [exception.CHttpException.404] exception 'CHttpException' with message 'Unable to resolve the request "admin/ajax/novaFoto/produto/2".' in C:\xampp\htdocs\yii\framework\web\CWebApplication.php:336
Stack trace:
#0 C:\xampp\htdocs\yii\framework\web\CWebApplication.php(120): CWebApplication->runController('admin/ajax/nova...')
#1 C:\xampp\htdocs\yii\framework\base\CApplication.php(134): CWebApplication->processRequest()
#2 C:\xampp\htdocs\reiartur\index.php(10): CApplication->run()
#3 {main} REQUEST_URI=/reiartur/index.php/admin/ajax/novaFoto/produto/2.html
2009/08/25 15:59:47 [error] [exception.CHttpException.404] exception 'CHttpException' with message 'O sistema não foi capaz de encotrar a ação "novaFoto" solicitada.' in C:\xampp\htdocs\yii\framework\web\CController.php:439
Stack trace:
#0 C:\xampp\htdocs\yii\framework\web\CController.php(262): CController->missingAction('novaFoto')
#1 C:\xampp\htdocs\yii\framework\web\CWebApplication.php(332): CController->run('novaFoto')
#2 C:\xampp\htdocs\yii\framework\web\CWebApplication.php(120): CWebApplication->runController('admin/ajax/nova...')
#3 C:\xampp\htdocs\yii\framework\base\CApplication.php(134): CWebApplication->processRequest()
#4 C:\xampp\htdocs\reiartur\index.php(10): CApplication->run()
#5 {main} REQUEST_URI=/reiartur/index.php/admin/ajax/novaFoto/produto/2.html
2009/08/25 15:59:47 [error] [exception.CHttpException.404] exception 'CHttpException' with message 'O sistema não foi capaz de encotrar a ação "novaFoto" solicitada.' in C:\xampp\htdocs\yii\framework\web\CController.php:439
Stack trace:
#0 C:\xampp\htdocs\yii\framework\web\CController.php(262): CController->missingAction('novaFoto')
#1 C:\xampp\htdocs\yii\framework\web\CWebApplication.php(332): CController->run('novaFoto')
#2 C:\xampp\htdocs\yii\framework\web\CWebApplication.php(120): CWebApplication->runController('admin/ajax/nova...')
#3 C:\xampp\htdocs\yii\framework\base\CApplication.php(134): CWebApplication->processRequest()
#4 C:\xampp\htdocs\reiartur\index.php(10): CApplication->run()
#5 {main} REQUEST_URI=/reiartur/index.php/admin/ajax/novaFoto/produto/2.html
2009/08/25 15:59:47 [error] [exception.CHttpException.404] exception 'CHttpException' with message 'O sistema não foi capaz de encotrar a ação "novaFoto" solicitada.' in C:\xampp\htdocs\yii\framework\web\CController.php:439
Stack trace:
#0 C:\xampp\htdocs\yii\framework\web\CController.php(262): CController->missingAction('novaFoto')
#1 C:\xampp\htdocs\yii\framework\web\CWebApplication.php(332): CController->run('novaFoto')
#2 C:\xampp\htdocs\yii\framework\web\CWebApplication.php(120): CWebApplication->runController('admin/ajax/nova...')
#3 C:\xampp\htdocs\yii\framework\base\CApplication.php(134): CWebApplication->processRequest()
#4 C:\xampp\htdocs\reiartur\index.php(10): CApplication->run()
#5 {main} REQUEST_URI=/reiartur/index.php/admin/ajax/novaFoto/produto/2.html
2009/08/25 15:59:48 [error] [exception.CHttpException.404] exception 'CHttpException' with message 'O sistema não foi capaz de encotrar a ação "novaFoto" solicitada.' in C:\xampp\htdocs\yii\framework\web\CController.php:439
Stack trace:
#0 C:\xampp\htdocs\yii\framework\web\CController.php(262): CController->missingAction('novaFoto')
#1 C:\xampp\htdocs\yii\framework\web\CWebApplication.php(332): CController->run('novaFoto')
#2 C:\xampp\htdocs\yii\framework\web\CWebApplication.php(120): CWebApplication->runController('admin/ajax/nova...')
#3 C:\xampp\htdocs\yii\framework\base\CApplication.php(134): CWebApplication->processRequest()
#4 C:\xampp\htdocs\reiartur\index.php(10): CApplication->run()
#5 {main} REQUEST_URI=/reiartur/index.php/admin/ajax/novaFoto/produto/2.html
2009/08/25 16:00:10 [error] [exception.CHttpException.404] exception 'CHttpException' with message 'O sistema não foi capaz de encotrar a ação "novaFoto" solicitada.' in C:\xampp\htdocs\yii\framework\web\CController.php:439
Stack trace:
#0 C:\xampp\htdocs\yii\framework\web\CController.php(262): CController->missingAction('novaFoto')
#1 C:\xampp\htdocs\yii\framework\web\CWebApplication.php(332): CController->run('novaFoto')
#2 C:\xampp\htdocs\yii\framework\web\CWebApplication.php(120): CWebApplication->runController('admin/ajax/nova...')
#3 C:\xampp\htdocs\yii\framework\base\CApplication.php(134): CWebApplication->processRequest()
#4 C:\xampp\htdocs\reiartur\index.php(10): CApplication->run()
#5 {main} REQUEST_URI=/reiartur/index.php/admin/ajax/novaFoto/produto/2.html
2009/08/25 16:25:44 [error] [php] include(Table.php) [<a href='function.include'>function.include</a>]: failed to open stream: No such file or directory (C:\xampp\htdocs\yii\framework\YiiBase.php:324)
Stack trace:
#0 C:\xampp\htdocs\reiartur\protected\modules\admin\controllers\ProdutoController.php(31): spl_autoload_call()
#1 C:\xampp\htdocs\yii\framework\web\actions\CInlineAction.php(32): ProdutoController->actionFotos()
#2 C:\xampp\htdocs\yii\framework\web\CController.php(300): CInlineAction->run()
#3 C:\xampp\htdocs\yii\framework\web\CController.php(278): ProdutoController->runAction()
#4 C:\xampp\htdocs\yii\framework\web\CController.php(257): ProdutoController->runActionWithFilters()
#5 C:\xampp\htdocs\yii\framework\web\CWebApplication.php(332): ProdutoController->run()
#6 C:\xampp\htdocs\yii\framework\web\CWebApplication.php(120): CWebApplication->runController()
#7 C:\xampp\htdocs\yii\framework\base\CApplication.php(134): CWebApplication->processRequest()
#8 C:\xampp\htdocs\reiartur\index.php(10): CWebApplication->run()
REQUEST_URI=/reiartur/index.php/admin/produto/fotos/id/2.html
2009/08/25 16:25:59 [error] [exception.CException] exception 'CException' with message 'A propriedade "FotoProduto.arquivoFoto" não está definida.' in C:\xampp\htdocs\yii\framework\base\CComponent.php:120
Stack trace:
#0 C:\xampp\htdocs\yii\framework\db\ar\CActiveRecord.php(431): CComponent->__get('arquivoFoto')
#1 C:\xampp\htdocs\reiartur\protected\modules\admin\controllers\ProdutoController.php(37): CActiveRecord->__get('arquivoFoto')
#2 C:\xampp\htdocs\yii\framework\web\actions\CInlineAction.php(32): ProdutoController->actionFotos()
#3 C:\xampp\htdocs\yii\framework\web\CController.php(300): CInlineAction->run()
#4 C:\xampp\htdocs\yii\framework\web\CController.php(278): CController->runAction(Object(CInlineAction))
#5 C:\xampp\htdocs\yii\framework\web\CController.php(257): CController->runActionWithFilters(Object(CInlineAction), Array)
#6 C:\xampp\htdocs\yii\framework\web\CWebApplication.php(332): CController->run('fotos')
#7 C:\xampp\htdocs\yii\framework\web\CWebApplication.php(120): CWebApplication->runController('admin/produto/f...')
#8 C:\xampp\htdocs\yii\framework\base\CApplication.php(134): CWebApplication->processRequest()
#9 C:\xampp\htdocs\reiartur\index.php(10): CApplication->run()
#10 {main} REQUEST_URI=/reiartur/index.php/admin/produto/fotos/id/2.html
2009/08/25 16:29:10 [error] [exception.CHttpException.404] exception 'CHttpException' with message 'The requested page does not exist.' in C:\xampp\htdocs\reiartur\protected\modules\admin\controllers\ProdutoController.php:133
Stack trace:
#0 C:\xampp\htdocs\reiartur\protected\modules\admin\controllers\ProdutoController.php(27): ProdutoController->loadProduto()
#1 C:\xampp\htdocs\yii\framework\web\actions\CInlineAction.php(32): ProdutoController->actionFotos()
#2 C:\xampp\htdocs\yii\framework\web\CController.php(300): CInlineAction->run()
#3 C:\xampp\htdocs\yii\framework\web\CController.php(278): CController->runAction(Object(CInlineAction))
#4 C:\xampp\htdocs\yii\framework\web\CController.php(257): CController->runActionWithFilters(Object(CInlineAction), Array)
#5 C:\xampp\htdocs\yii\framework\web\CWebApplication.php(332): CController->run('fotos')
#6 C:\xampp\htdocs\yii\framework\web\CWebApplication.php(120): CWebApplication->runController('admin/produto/f...')
#7 C:\xampp\htdocs\yii\framework\base\CApplication.php(134): CWebApplication->processRequest()
#8 C:\xampp\htdocs\reiartur\index.php(10): CApplication->run()
#9 {main} REQUEST_URI=/reiartur/index.php/admin/produto/fotos/id/c904414aae38dbfe3c8967b0ad15d088.jpg
2009/08/25 16:29:10 [error] [exception.CHttpException.404] exception 'CHttpException' with message 'The requested page does not exist.' in C:\xampp\htdocs\reiartur\protected\modules\admin\controllers\ProdutoController.php:133
Stack trace:
#0 C:\xampp\htdocs\reiartur\protected\modules\admin\controllers\ProdutoController.php(27): ProdutoController->loadProduto()
#1 C:\xampp\htdocs\yii\framework\web\actions\CInlineAction.php(32): ProdutoController->actionFotos()
#2 C:\xampp\htdocs\yii\framework\web\CController.php(300): CInlineAction->run()
#3 C:\xampp\htdocs\yii\framework\web\CController.php(278): CController->runAction(Object(CInlineAction))
#4 C:\xampp\htdocs\yii\framework\web\CController.php(257): CController->runActionWithFilters(Object(CInlineAction), Array)
#5 C:\xampp\htdocs\yii\framework\web\CWebApplication.php(332): CController->run('fotos')
#6 C:\xampp\htdocs\yii\framework\web\CWebApplication.php(120): CWebApplication->runController('admin/produto/f...')
#7 C:\xampp\htdocs\yii\framework\base\CApplication.php(134): CWebApplication->processRequest()
#8 C:\xampp\htdocs\reiartur\index.php(10): CApplication->run()
#9 {main} REQUEST_URI=/reiartur/index.php/admin/produto/fotos/id/c75fd6ece4ba8100bb561cd670360231.jpg
2009/08/25 16:29:10 [error] [exception.CHttpException.404] exception 'CHttpException' with message 'The requested page does not exist.' in C:\xampp\htdocs\reiartur\protected\modules\admin\controllers\ProdutoController.php:133
Stack trace:
#0 C:\xampp\htdocs\reiartur\protected\modules\admin\controllers\ProdutoController.php(27): ProdutoController->loadProduto()
#1 C:\xampp\htdocs\yii\framework\web\actions\CInlineAction.php(32): ProdutoController->actionFotos()
#2 C:\xampp\htdocs\yii\framework\web\CController.php(300): CInlineAction->run()
#3 C:\xampp\htdocs\yii\framework\web\CController.php(278): CController->runAction(Object(CInlineAction))
#4 C:\xampp\htdocs\yii\framework\web\CController.php(257): CController->runActionWithFilters(Object(CInlineAction), Array)
#5 C:\xampp\htdocs\yii\framework\web\CWebApplication.php(332): CController->run('fotos')
#6 C:\xampp\htdocs\yii\framework\web\CWebApplication.php(120): CWebApplication->runController('admin/produto/f...')
#7 C:\xampp\htdocs\yii\framework\base\CApplication.php(134): CWebApplication->processRequest()
#8 C:\xampp\htdocs\reiartur\index.php(10): CApplication->run()
#9 {main} REQUEST_URI=/reiartur/index.php/admin/produto/fotos/id/3b6169c4ca25bc190a37e8a98a7930da.jpg
2009/08/25 16:29:10 [error] [exception.CHttpException.404] exception 'CHttpException' with message 'The requested page does not exist.' in C:\xampp\htdocs\reiartur\protected\modules\admin\controllers\ProdutoController.php:133
Stack trace:
#0 C:\xampp\htdocs\reiartur\protected\modules\admin\controllers\ProdutoController.php(27): ProdutoController->loadProduto()
#1 C:\xampp\htdocs\yii\framework\web\actions\CInlineAction.php(32): ProdutoController->actionFotos()
#2 C:\xampp\htdocs\yii\framework\web\CController.php(300): CInlineAction->run()
#3 C:\xampp\htdocs\yii\framework\web\CController.php(278): CController->runAction(Object(CInlineAction))
#4 C:\xampp\htdocs\yii\framework\web\CController.php(257): CController->runActionWithFilters(Object(CInlineAction), Array)
#5 C:\xampp\htdocs\yii\framework\web\CWebApplication.php(332): CController->run('fotos')
#6 C:\xampp\htdocs\yii\framework\web\CWebApplication.php(120): CWebApplication->runController('admin/produto/f...')
#7 C:\xampp\htdocs\yii\framework\base\CApplication.php(134): CWebApplication->processRequest()
#8 C:\xampp\htdocs\reiartur\index.php(10): CApplication->run()
#9 {main} REQUEST_URI=/reiartur/index.php/admin/produto/fotos/id/f345d9d5862461fc83cebac6c9a00317.jpg
2009/08/25 16:29:13 [error] [exception.CHttpException.404] exception 'CHttpException' with message 'The requested page does not exist.' in C:\xampp\htdocs\reiartur\protected\modules\admin\controllers\ProdutoController.php:133
Stack trace:
#0 C:\xampp\htdocs\reiartur\protected\modules\admin\controllers\ProdutoController.php(27): ProdutoController->loadProduto()
#1 C:\xampp\htdocs\yii\framework\web\actions\CInlineAction.php(32): ProdutoController->actionFotos()
#2 C:\xampp\htdocs\yii\framework\web\CController.php(300): CInlineAction->run()
#3 C:\xampp\htdocs\yii\framework\web\CController.php(278): CController->runAction(Object(CInlineAction))
#4 C:\xampp\htdocs\yii\framework\web\CController.php(257): CController->runActionWithFilters(Object(CInlineAction), Array)
#5 C:\xampp\htdocs\yii\framework\web\CWebApplication.php(332): CController->run('fotos')
#6 C:\xampp\htdocs\yii\framework\web\CWebApplication.php(120): CWebApplication->runController('admin/produto/f...')
#7 C:\xampp\htdocs\yii\framework\base\CApplication.php(134): CWebApplication->processRequest()
#8 C:\xampp\htdocs\reiartur\index.php(10): CApplication->run()
#9 {main} REQUEST_URI=/reiartur/index.php/admin/produto/fotos/id/c904414aae38dbfe3c8967b0ad15d088.jpg
2009/08/25 16:30:44 [error] [php] include(FotoProduto.php) [<a href='function.include'>function.include</a>]: failed to open stream: No such file or directory (C:\xampp\htdocs\yii\framework\YiiBase.php:324)
Stack trace:
#0 C:\xampp\htdocs\reiartur\protected\controllers\FotoProdutoController.php(9): spl_autoload_call()
#1 C:\xampp\htdocs\yii\framework\web\actions\CInlineAction.php(32): FotoProdutoController->actionExibir()
#2 C:\xampp\htdocs\yii\framework\web\CController.php(300): CInlineAction->run()
#3 C:\xampp\htdocs\yii\framework\web\CController.php(278): FotoProdutoController->runAction()
#4 C:\xampp\htdocs\yii\framework\web\CController.php(257): FotoProdutoController->runActionWithFilters()
#5 C:\xampp\htdocs\yii\framework\web\CWebApplication.php(332): FotoProdutoController->run()
#6 C:\xampp\htdocs\yii\framework\web\CWebApplication.php(120): CWebApplication->runController()
#7 C:\xampp\htdocs\yii\framework\base\CApplication.php(134): CWebApplication->processRequest()
#8 C:\xampp\htdocs\reiartur\index.php(10): CWebApplication->run()
REQUEST_URI=/reiartur/index.php/fotoProduto/exibir/i//l/640/a/640/f/none.html
2009/08/25 16:30:48 [error] [php] include(FotoProduto.php) [<a href='function.include'>function.include</a>]: failed to open stream: No such file or directory (C:\xampp\htdocs\yii\framework\YiiBase.php:324)
Stack trace:
#0 C:\xampp\htdocs\reiartur\protected\controllers\FotoProdutoController.php(9): spl_autoload_call()
#1 C:\xampp\htdocs\yii\framework\web\actions\CInlineAction.php(32): FotoProdutoController->actionExibir()
#2 C:\xampp\htdocs\yii\framework\web\CController.php(300): CInlineAction->run()
#3 C:\xampp\htdocs\yii\framework\web\CController.php(278): FotoProdutoController->runAction()
#4 C:\xampp\htdocs\yii\framework\web\CController.php(257): FotoProdutoController->runActionWithFilters()
#5 C:\xampp\htdocs\yii\framework\web\CWebApplication.php(332): FotoProdutoController->run()
#6 C:\xampp\htdocs\yii\framework\web\CWebApplication.php(120): CWebApplication->runController()
#7 C:\xampp\htdocs\yii\framework\base\CApplication.php(134): CWebApplication->processRequest()
#8 C:\xampp\htdocs\reiartur\index.php(10): CWebApplication->run()
REQUEST_URI=/reiartur/index.php/fotoProduto/exibir/i//l/640/a/640/f/none.html
2009/08/25 16:31:23 [error] [php] include(FotoProduto.php) [<a href='function.include'>function.include</a>]: failed to open stream: No such file or directory (C:\xampp\htdocs\yii\framework\YiiBase.php:324)
Stack trace:
#0 C:\xampp\htdocs\reiartur\protected\controllers\FotoProdutoController.php(9): spl_autoload_call()
#1 C:\xampp\htdocs\yii\framework\web\actions\CInlineAction.php(32): FotoProdutoController->actionExibir()
#2 C:\xampp\htdocs\yii\framework\web\CController.php(300): CInlineAction->run()
#3 C:\xampp\htdocs\yii\framework\web\CController.php(278): FotoProdutoController->runAction()
#4 C:\xampp\htdocs\yii\framework\web\CController.php(257): FotoProdutoController->runActionWithFilters()
#5 C:\xampp\htdocs\yii\framework\web\CWebApplication.php(332): FotoProdutoController->run()
#6 C:\xampp\htdocs\yii\framework\web\CWebApplication.php(120): CWebApplication->runController()
#7 C:\xampp\htdocs\yii\framework\base\CApplication.php(134): CWebApplication->processRequest()
#8 C:\xampp\htdocs\reiartur\index.php(10): CWebApplication->run()
REQUEST_URI=/reiartur/index.php/fotoProduto/exibir/i/2/l/640/a/640/f/none.html
2009/08/25 16:31:23 [error] [php] include(FotoProduto.php) [<a href='function.include'>function.include</a>]: failed to open stream: No such file or directory (C:\xampp\htdocs\yii\framework\YiiBase.php:324)
Stack trace:
#0 C:\xampp\htdocs\reiartur\protected\controllers\FotoProdutoController.php(9): spl_autoload_call()
#1 C:\xampp\htdocs\yii\framework\web\actions\CInlineAction.php(32): FotoProdutoController->actionExibir()
#2 C:\xampp\htdocs\yii\framework\web\CController.php(300): CInlineAction->run()
#3 C:\xampp\htdocs\yii\framework\web\CController.php(278): FotoProdutoController->runAction()
#4 C:\xampp\htdocs\yii\framework\web\CController.php(257): FotoProdutoController->runActionWithFilters()
#5 C:\xampp\htdocs\yii\framework\web\CWebApplication.php(332): FotoProdutoController->run()
#6 C:\xampp\htdocs\yii\framework\web\CWebApplication.php(120): CWebApplication->runController()
#7 C:\xampp\htdocs\yii\framework\base\CApplication.php(134): CWebApplication->processRequest()
#8 C:\xampp\htdocs\reiartur\index.php(10): CWebApplication->run()
REQUEST_URI=/reiartur/index.php/fotoProduto/exibir/i/1/l/640/a/640/f/none.html
2009/08/25 16:31:23 [error] [php] include(FotoProduto.php) [<a href='function.include'>function.include</a>]: failed to open stream: No such file or directory (C:\xampp\htdocs\yii\framework\YiiBase.php:324)
Stack trace:
#0 C:\xampp\htdocs\reiartur\protected\controllers\FotoProdutoController.php(9): spl_autoload_call()
#1 C:\xampp\htdocs\yii\framework\web\actions\CInlineAction.php(32): FotoProdutoController->actionExibir()
#2 C:\xampp\htdocs\yii\framework\web\CController.php(300): CInlineAction->run()
#3 C:\xampp\htdocs\yii\framework\web\CController.php(278): FotoProdutoController->runAction()
#4 C:\xampp\htdocs\yii\framework\web\CController.php(257): FotoProdutoController->runActionWithFilters()
#5 C:\xampp\htdocs\yii\framework\web\CWebApplication.php(332): FotoProdutoController->run()
#6 C:\xampp\htdocs\yii\framework\web\CWebApplication.php(120): CWebApplication->runController()
#7 C:\xampp\htdocs\yii\framework\base\CApplication.php(134): CWebApplication->processRequest()
#8 C:\xampp\htdocs\reiartur\index.php(10): CWebApplication->run()
REQUEST_URI=/reiartur/index.php/fotoProduto/exibir/i/3/l/640/a/640/f/none.html
2009/08/25 16:31:23 [error] [php] include(FotoProduto.php) [<a href='function.include'>function.include</a>]: failed to open stream: No such file or directory (C:\xampp\htdocs\yii\framework\YiiBase.php:324)
Stack trace:
#0 C:\xampp\htdocs\reiartur\protected\controllers\FotoProdutoController.php(9): spl_autoload_call()
#1 C:\xampp\htdocs\yii\framework\web\actions\CInlineAction.php(32): FotoProdutoController->actionExibir()
#2 C:\xampp\htdocs\yii\framework\web\CController.php(300): CInlineAction->run()
#3 C:\xampp\htdocs\yii\framework\web\CController.php(278): FotoProdutoController->runAction()
#4 C:\xampp\htdocs\yii\framework\web\CController.php(257): FotoProdutoController->runActionWithFilters()
#5 C:\xampp\htdocs\yii\framework\web\CWebApplication.php(332): FotoProdutoController->run()
#6 C:\xampp\htdocs\yii\framework\web\CWebApplication.php(120): CWebApplication->runController()
#7 C:\xampp\htdocs\yii\framework\base\CApplication.php(134): CWebApplication->processRequest()
#8 C:\xampp\htdocs\reiartur\index.php(10): CWebApplication->run()
REQUEST_URI=/reiartur/index.php/fotoProduto/exibir/i/4/l/640/a/640/f/none.html
2009/08/25 16:31:42 [error] [php] include(FotoProduto.php) [<a href='function.include'>function.include</a>]: failed to open stream: No such file or directory (C:\xampp\htdocs\yii\framework\YiiBase.php:324)
Stack trace:
#0 C:\xampp\htdocs\reiartur\protected\controllers\FotoProdutoController.php(9): spl_autoload_call()
#1 C:\xampp\htdocs\yii\framework\web\actions\CInlineAction.php(32): FotoProdutoController->actionExibir()
#2 C:\xampp\htdocs\yii\framework\web\CController.php(300): CInlineAction->run()
#3 C:\xampp\htdocs\yii\framework\web\CController.php(278): FotoProdutoController->runAction()
#4 C:\xampp\htdocs\yii\framework\web\CController.php(257): FotoProdutoController->runActionWithFilters()
#5 C:\xampp\htdocs\yii\framework\web\CWebApplication.php(332): FotoProdutoController->run()
#6 C:\xampp\htdocs\yii\framework\web\CWebApplication.php(120): CWebApplication->runController()
#7 C:\xampp\htdocs\yii\framework\base\CApplication.php(134): CWebApplication->processRequest()
#8 C:\xampp\htdocs\reiartur\index.php(10): CWebApplication->run()
REQUEST_URI=/reiartur/index.php/fotoProduto/exibir/i/2/l/640/a/640/f/none.html
2009/08/25 16:31:42 [error] [php] include(FotoProduto.php) [<a href='function.include'>function.include</a>]: failed to open stream: No such file or directory (C:\xampp\htdocs\yii\framework\YiiBase.php:324)
Stack trace:
#0 C:\xampp\htdocs\reiartur\protected\controllers\FotoProdutoController.php(9): spl_autoload_call()
#1 C:\xampp\htdocs\yii\framework\web\actions\CInlineAction.php(32): FotoProdutoController->actionExibir()
#2 C:\xampp\htdocs\yii\framework\web\CController.php(300): CInlineAction->run()
#3 C:\xampp\htdocs\yii\framework\web\CController.php(278): FotoProdutoController->runAction()
#4 C:\xampp\htdocs\yii\framework\web\CController.php(257): FotoProdutoController->runActionWithFilters()
#5 C:\xampp\htdocs\yii\framework\web\CWebApplication.php(332): FotoProdutoController->run()
#6 C:\xampp\htdocs\yii\framework\web\CWebApplication.php(120): CWebApplication->runController()
#7 C:\xampp\htdocs\yii\framework\base\CApplication.php(134): CWebApplication->processRequest()
#8 C:\xampp\htdocs\reiartur\index.php(10): CWebApplication->run()
REQUEST_URI=/reiartur/index.php/fotoProduto/exibir/i/3/l/640/a/640/f/none.html
2009/08/25 16:31:42 [error] [php] include(FotoProduto.php) [<a href='function.include'>function.include</a>]: failed to open stream: No such file or directory (C:\xampp\htdocs\yii\framework\YiiBase.php:324)
Stack trace:
#0 C:\xampp\htdocs\reiartur\protected\controllers\FotoProdutoController.php(9): spl_autoload_call()
#1 C:\xampp\htdocs\yii\framework\web\actions\CInlineAction.php(32): FotoProdutoController->actionExibir()
#2 C:\xampp\htdocs\yii\framework\web\CController.php(300): CInlineAction->run()
#3 C:\xampp\htdocs\yii\framework\web\CController.php(278): FotoProdutoController->runAction()
#4 C:\xampp\htdocs\yii\framework\web\CController.php(257): FotoProdutoController->runActionWithFilters()
#5 C:\xampp\htdocs\yii\framework\web\CWebApplication.php(332): FotoProdutoController->run()
#6 C:\xampp\htdocs\yii\framework\web\CWebApplication.php(120): CWebApplication->runController()
#7 C:\xampp\htdocs\yii\framework\base\CApplication.php(134): CWebApplication->processRequest()
#8 C:\xampp\htdocs\reiartur\index.php(10): CWebApplication->run()
REQUEST_URI=/reiartur/index.php/fotoProduto/exibir/i/4/l/640/a/640/f/none.html
2009/08/25 16:31:42 [error] [php] include(FotoProduto.php) [<a href='function.include'>function.include</a>]: failed to open stream: No such file or directory (C:\xampp\htdocs\yii\framework\YiiBase.php:324)
Stack trace:
#0 C:\xampp\htdocs\reiartur\protected\controllers\FotoProdutoController.php(9): spl_autoload_call()
#1 C:\xampp\htdocs\yii\framework\web\actions\CInlineAction.php(32): FotoProdutoController->actionExibir()
#2 C:\xampp\htdocs\yii\framework\web\CController.php(300): CInlineAction->run()
#3 C:\xampp\htdocs\yii\framework\web\CController.php(278): FotoProdutoController->runAction()
#4 C:\xampp\htdocs\yii\framework\web\CController.php(257): FotoProdutoController->runActionWithFilters()
#5 C:\xampp\htdocs\yii\framework\web\CWebApplication.php(332): FotoProdutoController->run()
#6 C:\xampp\htdocs\yii\framework\web\CWebApplication.php(120): CWebApplication->runController()
#7 C:\xampp\htdocs\yii\framework\base\CApplication.php(134): CWebApplication->processRequest()
#8 C:\xampp\htdocs\reiartur\index.php(10): CWebApplication->run()
REQUEST_URI=/reiartur/index.php/fotoProduto/exibir/i/1/l/640/a/640/f/none.html
2009/08/25 16:31:44 [error] [php] include(FotoProduto.php) [<a href='function.include'>function.include</a>]: failed to open stream: No such file or directory (C:\xampp\htdocs\yii\framework\YiiBase.php:324)
Stack trace:
#0 C:\xampp\htdocs\reiartur\protected\controllers\FotoProdutoController.php(9): spl_autoload_call()
#1 C:\xampp\htdocs\yii\framework\web\actions\CInlineAction.php(32): FotoProdutoController->actionExibir()
#2 C:\xampp\htdocs\yii\framework\web\CController.php(300): CInlineAction->run()
#3 C:\xampp\htdocs\yii\framework\web\CController.php(278): FotoProdutoController->runAction()
#4 C:\xampp\htdocs\yii\framework\web\CController.php(257): FotoProdutoController->runActionWithFilters()
#5 C:\xampp\htdocs\yii\framework\web\CWebApplication.php(332): FotoProdutoController->run()
#6 C:\xampp\htdocs\yii\framework\web\CWebApplication.php(120): CWebApplication->runController()
#7 C:\xampp\htdocs\yii\framework\base\CApplication.php(134): CWebApplication->processRequest()
#8 C:\xampp\htdocs\reiartur\index.php(10): CWebApplication->run()
REQUEST_URI=/reiartur/index.php/fotoProduto/exibir/i/1/l/640/a/640/f/none.html
2009/08/25 16:32:33 [error] [php] include(TXImage.php) [<a href='function.include'>function.include</a>]: failed to open stream: No such file or directory (C:\xampp\htdocs\yii\framework\YiiBase.php:324)
Stack trace:
#0 C:\xampp\htdocs\reiartur\protected\controllers\FotoProdutoController.php(13): spl_autoload_call()
#1 C:\xampp\htdocs\yii\framework\web\actions\CInlineAction.php(32): FotoProdutoController->actionExibir()
#2 C:\xampp\htdocs\yii\framework\web\CController.php(300): CInlineAction->run()
#3 C:\xampp\htdocs\yii\framework\web\CController.php(278): FotoProdutoController->runAction()
#4 C:\xampp\htdocs\yii\framework\web\CController.php(257): FotoProdutoController->runActionWithFilters()
#5 C:\xampp\htdocs\yii\framework\web\CWebApplication.php(332): FotoProdutoController->run()
#6 C:\xampp\htdocs\yii\framework\web\CWebApplication.php(120): CWebApplication->runController()
#7 C:\xampp\htdocs\yii\framework\base\CApplication.php(134): CWebApplication->processRequest()
#8 C:\xampp\htdocs\reiartur\index.php(10): CWebApplication->run()
REQUEST_URI=/reiartur/index.php/fotoProduto/exibir/i/1/l/640/a/640/f/none.html
2009/08/25 16:32:44 [error] [exception.CException] exception 'CException' with message 'A propriedade "FotoProduto.arquivoFoto" não está definida.' in C:\xampp\htdocs\yii\framework\base\CComponent.php:120
Stack trace:
#0 C:\xampp\htdocs\yii\framework\db\ar\CActiveRecord.php(431): CComponent->__get('arquivoFoto')
#1 C:\xampp\htdocs\reiartur\protected\controllers\FotoProdutoController.php(14): CActiveRecord->__get('arquivoFoto')
#2 C:\xampp\htdocs\yii\framework\web\actions\CInlineAction.php(32): FotoProdutoController->actionExibir()
#3 C:\xampp\htdocs\yii\framework\web\CController.php(300): CInlineAction->run()
#4 C:\xampp\htdocs\yii\framework\web\CController.php(278): CController->runAction(Object(CInlineAction))
#5 C:\xampp\htdocs\yii\framework\web\CController.php(257): CController->runActionWithFilters(Object(CInlineAction), Array)
#6 C:\xampp\htdocs\yii\framework\web\CWebApplication.php(332): CController->run('exibir')
#7 C:\xampp\htdocs\yii\framework\web\CWebApplication.php(120): CWebApplication->runController('fotoProduto/exi...')
#8 C:\xampp\htdocs\yii\framework\base\CApplication.php(134): CWebApplication->processRequest()
#9 C:\xampp\htdocs\reiartur\index.php(10): CApplication->run()
#10 {main} REQUEST_URI=/reiartur/index.php/fotoProduto/exibir/i/1/l/640/a/640/f/none.html
2009/08/25 16:50:36 [error] [php] include(TXRequest.php) [<a href='function.include'>function.include</a>]: failed to open stream: No such file or directory (C:\xampp\htdocs\yii\framework\YiiBase.php:324)
Stack trace:
#0 C:\xampp\htdocs\reiartur\protected\modules\admin\controllers\AjaxController.php(20): spl_autoload_call()
#1 C:\xampp\htdocs\yii\framework\web\actions\CInlineAction.php(32): AjaxController->actionVisivelFotoProduto()
#2 C:\xampp\htdocs\yii\framework\web\CController.php(300): CInlineAction->run()
#3 C:\xampp\htdocs\yii\framework\web\CController.php(278): AjaxController->runAction()
#4 C:\xampp\htdocs\yii\framework\web\CController.php(257): AjaxController->runActionWithFilters()
#5 C:\xampp\htdocs\yii\framework\web\CWebApplication.php(332): AjaxController->run()
#6 C:\xampp\htdocs\yii\framework\web\CWebApplication.php(120): CWebApplication->runController()
#7 C:\xampp\htdocs\yii\framework\base\CApplication.php(134): CWebApplication->processRequest()
#8 C:\xampp\htdocs\reiartur\index.php(10): CWebApplication->run()
REQUEST_URI=/reiartur/index.php/admin/ajax/visivelFotoProduto/id/1.html
2009/08/25 16:50:45 [error] [php] include(TXRequest.php) [<a href='function.include'>function.include</a>]: failed to open stream: No such file or directory (C:\xampp\htdocs\yii\framework\YiiBase.php:324)
Stack trace:
#0 C:\xampp\htdocs\reiartur\protected\modules\admin\controllers\AjaxController.php(20): spl_autoload_call()
#1 C:\xampp\htdocs\yii\framework\web\actions\CInlineAction.php(32): AjaxController->actionVisivelFotoProduto()
#2 C:\xampp\htdocs\yii\framework\web\CController.php(300): CInlineAction->run()
#3 C:\xampp\htdocs\yii\framework\web\CController.php(278): AjaxController->runAction()
#4 C:\xampp\htdocs\yii\framework\web\CController.php(257): AjaxController->runActionWithFilters()
#5 C:\xampp\htdocs\yii\framework\web\CWebApplication.php(332): AjaxController->run()
#6 C:\xampp\htdocs\yii\framework\web\CWebApplication.php(120): CWebApplication->runController()
#7 C:\xampp\htdocs\yii\framework\base\CApplication.php(134): CWebApplication->processRequest()
#8 C:\xampp\htdocs\reiartur\index.php(10): CWebApplication->run()
REQUEST_URI=/reiartur/index.php/admin/ajax/visivelFotoProduto/id/1.html
2009/08/25 16:51:12 [error] [php] include(TXRequest.php) [<a href='function.include'>function.include</a>]: failed to open stream: No such file or directory (C:\xampp\htdocs\yii\framework\YiiBase.php:324)
Stack trace:
#0 C:\xampp\htdocs\reiartur\protected\modules\admin\controllers\AjaxController.php(20): spl_autoload_call()
#1 C:\xampp\htdocs\yii\framework\web\actions\CInlineAction.php(32): AjaxController->actionVisivelFotoProduto()
#2 C:\xampp\htdocs\yii\framework\web\CController.php(300): CInlineAction->run()
#3 C:\xampp\htdocs\yii\framework\web\CController.php(278): AjaxController->runAction()
#4 C:\xampp\htdocs\yii\framework\web\CController.php(257): AjaxController->runActionWithFilters()
#5 C:\xampp\htdocs\yii\framework\web\CWebApplication.php(332): AjaxController->run()
#6 C:\xampp\htdocs\yii\framework\web\CWebApplication.php(120): CWebApplication->runController()
#7 C:\xampp\htdocs\yii\framework\base\CApplication.php(134): CWebApplication->processRequest()
#8 C:\xampp\htdocs\reiartur\index.php(10): CWebApplication->run()
REQUEST_URI=/reiartur/index.php/admin/ajax/visivelFotoProduto/id/1.html
2009/08/25 16:53:00 [error] [exception.CHttpException.404] exception 'CHttpException' with message 'Unable to resolve the request "images/loader02.gif".' in C:\xampp\htdocs\yii\framework\web\CWebApplication.php:336
Stack trace:
#0 C:\xampp\htdocs\yii\framework\web\CWebApplication.php(120): CWebApplication->runController('images/loader02...')
#1 C:\xampp\htdocs\yii\framework\base\CApplication.php(134): CWebApplication->processRequest()
#2 C:\xampp\htdocs\reiartur\index.php(10): CApplication->run()
#3 {main} REQUEST_URI=/reiartur/images/loader02.gif
